<?xml version="1.0" encoding="UTF-8"?>
<!-- Generated by org.testng.reporters.JUnitReportReporter -->
<testsuite hostname="LAPTOP-LIPV6VKP" failures="0" tests="3" name="com.Test.LoginTest" time="46.429" errors="0" timestamp="2024-02-03T17:10:37 IST" skipped="0">
  <testcase classname="com.Test.LoginTest" name="verifylogin" time="13.609"/>
  <system-out/>
  <testcase classname="com.Test.LoginTest" name="bookmodule" time="16.367"/>
  <system-out/>
  <testcase classname="com.Test.LoginTest" name="desktopmodule" time="16.453"/>
  <system-out/>
</testsuite> <!-- com.Test.LoginTest -->
